<?xml version="1.0" encoding="UTF-8"?>
<!-- Generated by org.testng.reporters.JUnitReportReporter -->
<testsuite skipped="0" hostname="W00000PC1FM434" name="com.tests.com.AspireE2Etest" tests="1" failures="0" timestamp="11 Apr 2022 17:27:01 GMT" time="52.357" errors="0">
  <testcase name="E2Etest" time="52.357" classname="com.tests.com.AspireE2Etest"/>
</testsuite> <!-- com.tests.com.AspireE2Etest -->
